<?xml version="1.0" encoding="UTF-8"?>
<testng-results skipped="0" failed="0" ignored="0" total="1" passed="1">
  <reporter-output>
  </reporter-output>
  <suite name="Suite1" duration-ms="29189" started-at="2020-07-29T19:51:53 IST" finished-at="2020-07-29T19:52:23 IST">
    <groups>
    </groups>
    <test name="Sanity" duration-ms="29189" started-at="2020-07-29T19:51:53 IST" finished-at="2020-07-29T19:52:23 IST">
      <class name="SearchTest">
        <test-method status="PASS" signature="initialize()[pri:0, instance:SearchTest@64bfbc86]" name="initialize" is-config="true" duration-ms="13731" started-at="2020-07-29T19:51:53 IST" finished-at="2020-07-29T19:52:07 IST">
          <reporter-output>
          </reporter-output>
        </test-method> <!-- initialize -->
        <test-method status="PASS" signature="getSpicegetPage()[pri:0, instance:SearchTest@64bfbc86]" name="getSpicegetPage" duration-ms="15300" started-at="2020-07-29T19:52:07 IST" finished-at="2020-07-29T19:52:22 IST">
          <reporter-output>
          </reporter-output>
        </test-method> <!-- getSpicegetPage -->
        <test-method status="PASS" signature="tearDown()[pri:0, instance:SearchTest@64bfbc86]" name="tearDown" is-config="true" duration-ms="106" started-at="2020-07-29T19:52:22 IST" finished-at="2020-07-29T19:52:23 IST">
          <reporter-output>
          </reporter-output>
        </test-method> <!-- tearDown -->
      </class> <!-- SearchTest -->
    </test> <!-- Sanity -->
  </suite> <!-- Suite1 -->
</testng-results>
